<?xml version="1.0" encoding="UTF-8"?>
<!-- Generated by org.testng.reporters.JUnitReportReporter -->
<testsuite hostname="MOHAMMEDALA5F0B" name="com.usa.collections.Map_Interface_Test" tests="2" failures="0" timestamp="1 Jan 2020 03:41:03 GMT" time="0.073" errors="0">
  <testcase name="HashMaps" time="0.069" classname="com.usa.collections.Map_Interface_Test"/>
  <testcase name="Hashmaps" time="0.004" classname="com.usa.collections.Map_Interface_Test"/>
</testsuite> <!-- com.usa.collections.Map_Interface_Test -->
